Added Component: Designator=ENC?(1x4x2.54 Pin Header TH V)
Add component. Clean all parameters for all variants
Added Component: Designator=ENC?(1x4x2.54 Pin Header TH V)
Add component. Clean all parameters for all variants
Added Component: Designator=ENC?(1x4x2.54 Pin Header TH V)
Add component. Clean all parameters for all variants
Added Component: Designator=ENC?(1x4x2.54 Pin Header TH V)
Add component. Clean all parameters for all variants
Added Component: Designator=MOT?(1x3x2.54 Pin Header TH V)
Add component. Clean all parameters for all variants
Added Component: Designator=MOT?(1x3x2.54 Pin Header TH V)
Add component. Clean all parameters for all variants
Added Component: Designator=MOT?(1x3x2.54 Pin Header TH V)
Add component. Clean all parameters for all variants
Added Component: Designator=MOT?(1x3x2.54 Pin Header TH V)
Add component. Clean all parameters for all variants
Added Component: Designator=P?(HDR1X20H)
Add component. Clean all parameters for all variants
Add component (AddParameter): Name = "LatestRevisionDate"; Value = "17-Jul-2002"; VariantName = "[No Variations]"
Add component (AddParameter): Name = "LatestRevisionNote"; Value = "Re-released for DXP Platform."; VariantName = "[No Variations]"
Add component (AddParameter): Name = "Publisher"; Value = "Altium Limited"; VariantName = "[No Variations]"
Added Component: Designator=P?(HDR1X20H)
Add component. Clean all parameters for all variants
Add component (AddParameter): Name = "LatestRevisionDate"; Value = "17-Jul-2002"; VariantName = "[No Variations]"
Add component (AddParameter): Name = "LatestRevisionNote"; Value = "Re-released for DXP Platform."; VariantName = "[No Variations]"
Add component (AddParameter): Name = "Publisher"; Value = "Altium Limited"; VariantName = "[No Variations]"
Added Pin To Net: NetName=3.3V_1 Pin=ENC?-1
Added Pin To Net: NetName=3.3V_1 Pin=ENC?-1
Added Pin To Net: NetName=3.3V_1 Pin=P?-1
Added Net: Name=3.3V_1
Added Pin To Net: NetName=3.3V_2 Pin=ENC?-1
Added Pin To Net: NetName=3.3V_2 Pin=ENC?-1
Added Pin To Net: NetName=3.3V_2 Pin=P?-3
Added Net: Name=3.3V_2
Added Pin To Net: NetName=5V Pin=P?-3
Added Net: Name=5V
Added Pin To Net: NetName=GND Pin=ENC?-4
Added Pin To Net: NetName=GND Pin=ENC?-4
Added Pin To Net: NetName=GND Pin=ENC?-4
Added Pin To Net: NetName=GND Pin=ENC?-4
Added Pin To Net: NetName=GND Pin=P?-1
Added Pin To Net: NetName=GND Pin=P?-2
Added Pin To Net: NetName=GND Pin=P?-2
Added Net: Name=GND
Added Pin To Net: NetName=PA0 Pin=P?-16
Added Net: Name=PA0
Added Pin To Net: NetName=PA1 Pin=P?-15
Added Net: Name=PA1
Added Pin To Net: NetName=PA2 Pin=P?-14
Added Net: Name=PA2
Added Pin To Net: NetName=PA3 Pin=ENC?-3
Added Pin To Net: NetName=PA3 Pin=P?-13
Added Net: Name=PA3
Added Pin To Net: NetName=PA4 Pin=ENC?-2
Added Pin To Net: NetName=PA4 Pin=P?-12
Added Net: Name=PA4
Added Pin To Net: NetName=PA5 Pin=MOT?-2
Added Pin To Net: NetName=PA5 Pin=P?-11
Added Net: Name=PA5
Added Pin To Net: NetName=PA6 Pin=MOT?-1
Added Pin To Net: NetName=PA6 Pin=P?-10
Added Net: Name=PA6
Added Pin To Net: NetName=PA7 Pin=MOT?-1
Added Pin To Net: NetName=PA7 Pin=P?-9
Added Net: Name=PA7
Added Pin To Net: NetName=PA8 Pin=ENC?-2
Added Pin To Net: NetName=PA8 Pin=P?-16
Added Net: Name=PA8
Added Pin To Net: NetName=PA9 Pin=ENC?-3
Added Pin To Net: NetName=PA9 Pin=P?-15
Added Net: Name=PA9
Added Pin To Net: NetName=PA10 Pin=ENC?-2
Added Pin To Net: NetName=PA10 Pin=P?-14
Added Net: Name=PA10
Added Pin To Net: NetName=PA11 Pin=P?-13
Added Net: Name=PA11
Added Pin To Net: NetName=PA12 Pin=P?-12
Added Net: Name=PA12
Added Pin To Net: NetName=PA15 Pin=MOT?-3
Added Pin To Net: NetName=PA15 Pin=P?-11
Added Net: Name=PA15
Added Pin To Net: NetName=PB0 Pin=MOT?-1
Added Pin To Net: NetName=PB0 Pin=P?-8
Added Net: Name=PB0
Added Pin To Net: NetName=PB1 Pin=MOT?-1
Added Pin To Net: NetName=PB1 Pin=P?-7
Added Net: Name=PB1
Added Pin To Net: NetName=PB3 Pin=MOT?-2
Added Pin To Net: NetName=PB3 Pin=P?-10
Added Net: Name=PB3
Added Pin To Net: NetName=PB4 Pin=MOT?-2
Added Pin To Net: NetName=PB4 Pin=P?-9
Added Net: Name=PB4
Added Pin To Net: NetName=PB5 Pin=MOT?-3
Added Pin To Net: NetName=PB5 Pin=P?-8
Added Net: Name=PB5
Added Pin To Net: NetName=PB6 Pin=P?-7
Added Net: Name=PB6
Added Pin To Net: NetName=PB7 Pin=P?-6
Added Net: Name=PB7
Added Pin To Net: NetName=PB8 Pin=P?-5
Added Net: Name=PB8
Added Pin To Net: NetName=PB9 Pin=P?-4
Added Net: Name=PB9
Added Pin To Net: NetName=PB10 Pin=P?-6
Added Net: Name=PB10
Added Pin To Net: NetName=PB11 Pin=P?-5
Added Net: Name=PB11
Added Pin To Net: NetName=PB12 Pin=MOT?-3
Added Pin To Net: NetName=PB12 Pin=P?-20
Added Net: Name=PB12
Added Pin To Net: NetName=PB13 Pin=ENC?-3
Added Pin To Net: NetName=PB13 Pin=P?-19
Added Net: Name=PB13
Added Pin To Net: NetName=PB14 Pin=MOT?-3
Added Pin To Net: NetName=PB14 Pin=P?-18
Added Net: Name=PB14
Added Pin To Net: NetName=PB15 Pin=MOT?-2
Added Pin To Net: NetName=PB15 Pin=P?-17
Added Net: Name=PB15
Added Pin To Net: NetName=PC13 Pin=P?-19
Added Net: Name=PC13
Added Pin To Net: NetName=PC14 Pin=ENC?-3
Added Pin To Net: NetName=PC14 Pin=P?-18
Added Net: Name=PC14
Added Pin To Net: NetName=PC15 Pin=ENC?-2
Added Pin To Net: NetName=PC15 Pin=P?-17
Added Net: Name=PC15
Added Pin To Net: NetName=RESET Pin=P?-4
Added Net: Name=RESET
Added Pin To Net: NetName=VB Pin=P?-20
Added Net: Name=VB
Added Class: Name=placaMotoresSch
