Added Component: Designator=J2(CONN2)
Add component. Clean all parameters for all variants
Added Component: Designator=J3(CONN2)
Add component. Clean all parameters for all variants
Added Component: Designator=J4(CONN2)
Add component. Clean all parameters for all variants
Added Component: Designator=J5(CONN2)
Add component. Clean all parameters for all variants
Added Component: Designator=J6(CONN2)
Add component. Clean all parameters for all variants
Added Component: Designator=J7(CONN2)
Add component. Clean all parameters for all variants
Added Component: Designator=J8(CONN2)
Add component. Clean all parameters for all variants
Added Component: Designator=J9(CONN2)
Add component. Clean all parameters for all variants
Added Component: Designator=REG1(CP8-ADJ)
Add component. Clean all parameters for all variants
Add component (AddParameter): Name = "DeviceName"; Value = ""; VariantName = "[No Variations]"
Add component (AddParameter): Name = "DeviceSetName"; Value = "CP8-ADJ"; VariantName = "[No Variations]"
Add component (AddParameter): Name = "GateName_1"; Value = "G$1"; VariantName = "[No Variations]"
Add component (AddParameter): Name = "LibraryName"; Value = "userlib"; VariantName = "[No Variations]"
Add component (AddParameter): Name = "Package"; Value = "CP8-ADJ"; VariantName = "[No Variations]"
Add component (AddParameter): Name = "SymbolName_1"; Value = "VREG-CP8"; VariantName = "[No Variations]"
Added Pin To Net: NetName=GND Pin=J2-2
Added Pin To Net: NetName=GND Pin=J3-2
Added Pin To Net: NetName=GND Pin=J4-2
Added Pin To Net: NetName=GND Pin=J5-2
Added Pin To Net: NetName=NetJ1_1 Pin=J6-2
Added Pin To Net: NetName=NetJ1_1 Pin=J7-1
Added Pin To Net: NetName=GND Pin=J7-2
Added Pin To Net: NetName=NetJ1_1 Pin=J8-1
Added Pin To Net: NetName=GND Pin=J8-2
Added Pin To Net: NetName=GND Pin=J9-2
Added Pin To Net: NetName=GND Pin=REG1-IN-
Added Pin To Net: NetName=GND Pin=REG1-OUT-
Added Pin To Net: NetName=NetJ2_1 Pin=J2-1
Added Pin To Net: NetName=NetJ2_1 Pin=J3-1
Added Pin To Net: NetName=NetJ2_1 Pin=J5-1
Added Pin To Net: NetName=NetJ2_1 Pin=J6-1
Added Pin To Net: NetName=NetJ2_1 Pin=J9-1
Added Pin To Net: NetName=NetJ2_1 Pin=REG1-IN+
Added Net: Name=NetJ2_1
Added Pin To Net: NetName=NetJ4_1 Pin=J4-1
Added Pin To Net: NetName=NetJ4_1 Pin=REG1-OUT+
Added Net: Name=NetJ4_1
