Added Component: Designator=1(CP8-ADJ)
Add component. Clean all parameters for all variants
Add component (AddParameter): Name = "DeviceName"; Value = ""; VariantName = "[No Variations]"
Add component (AddParameter): Name = "DeviceSetName"; Value = "CP8-ADJ"; VariantName = "[No Variations]"
Add component (AddParameter): Name = "GateName_1"; Value = "G$1"; VariantName = "[No Variations]"
Add component (AddParameter): Name = "LibraryName"; Value = "userlib"; VariantName = "[No Variations]"
Add component (AddParameter): Name = "Package"; Value = "CP8-ADJ"; VariantName = "[No Variations]"
Add component (AddParameter): Name = "SymbolName_1"; Value = "VREG-CP8"; VariantName = "[No Variations]"
Added Component: Designator=J2(CONN2)
Add component. Clean all parameters for all variants
Added Component: Designator=J3(CONN2)
Add component. Clean all parameters for all variants
Added Component: Designator=J4(CONN2)
Add component. Clean all parameters for all variants
Added Component: Designator=J5(CONN2)
Add component. Clean all parameters for all variants
Added Pin To Net: NetName=GND Pin=1-IN-
Added Pin To Net: NetName=GND Pin=1-OUT-
Added Pin To Net: NetName=GND Pin=J2-2
Added Pin To Net: NetName=GND Pin=J3-2
Added Pin To Net: NetName=GND Pin=J4-2
Added Pin To Net: NetName=GND Pin=J5-2
Added Net: Name=GND
Added Pin To Net: NetName=Net1_IN+ Pin=1-IN+
Added Pin To Net: NetName=Net1_IN+ Pin=J2-1
Added Pin To Net: NetName=Net1_IN+ Pin=J3-1
Added Pin To Net: NetName=Net1_IN+ Pin=J5-1
Added Net: Name=Net1_IN+
Added Pin To Net: NetName=Net1_OUT+ Pin=1-OUT+
Added Pin To Net: NetName=Net1_OUT+ Pin=J4-1
Added Net: Name=Net1_OUT+
