Added Component: Designator=C_VCC_BOR(1x2x2.54 Pin Header TH V)
Add component. Clean all parameters for all variants
Added Component: Designator=C_VCC_USB(1x2x2.54 Pin Header TH V)
Add component. Clean all parameters for all variants
Added Component: Designator=CONN1(1x3x2.54 Pin Header TH V)
Add component. Clean all parameters for all variants
Added Component: Designator=CONN2(1x3x2.54 Pin Header TH V)
Add component. Clean all parameters for all variants
Added Component: Designator=CONN3(1x3x2.54 Pin Header TH V)
Add component. Clean all parameters for all variants
Added Component: Designator=CONN4(1x3x2.54 Pin Header TH V)
Add component. Clean all parameters for all variants
Added Component: Designator=CONN5(1x3x2.54 Pin Header TH V)
Add component. Clean all parameters for all variants
Added Component: Designator=CONN6(1x3x2.54 Pin Header TH V)
Add component. Clean all parameters for all variants
Added Component: Designator=J1(PHOE-1729128-2_V)
Add component. Clean all parameters for all variants
Add component (AddParameter): Name = "Current Rating"; Value = "13500mA"; VariantName = "[No Variations]"
Add component (AddParameter): Name = "Datasheet URL"; Value = "https://datasheet.ciiva.com/16046/1729128-16046181.pdf"; VariantName = "[No Variations]"
Add component (AddParameter): Name = "Datasheet Version"; Value = "12/2013"; VariantName = "[No Variations]"
Add component (AddParameter): Name = "Manufacturer"; Value = "Phoenix Contact"; VariantName = "[No Variations]"
Add component (AddParameter): Name = "Manufacturer URL"; Value = "http://www.phoenixcontact.com/"; VariantName = "[No Variations]"
Add component (AddParameter): Name = "Mounting Technology"; Value = "ThroughHole"; VariantName = "[No Variations]"
Add component (AddParameter): Name = "No. of Positions"; Value = "2"; VariantName = "[No Variations]"
Add component (AddParameter): Name = "No. of Rows"; Value = "1"; VariantName = "[No Variations]"
Add component (AddParameter): Name = "Orientation"; Value = "Horizontal"; VariantName = "[No Variations]"
Add component (AddParameter): Name = "Package Description"; Value = "2-Pin Through Hole Device, Body 8.1 x 10.16 mm, Pitch 5.08 mm"; VariantName = "[No Variations]"
Add component (AddParameter): Name = "Package Reference"; Value = "1729128-2"; VariantName = "[No Variations]"
Add component (AddParameter): Name = "Package URL"; Value = "https://www.phoenixcontact.com/online/portal/pi/pxc/product_detail_page/!ut/p/b1/3VdJjqNKFDxLH8AFycySyWY2ozFsEPOMMQaDOX1XedGL_1Vdm5YXJleknhSKeBkvI6EA8ncAo3AYoDhBQGco6KN7VURTdemj9us_IEKEZo_YHiPAEWEFmDGOHMORkqKYCORBZxgL7ZoaZYcbFFUZ3fqxSY6GOuxydWUuHqz1ynmMFygu583Bob0Ewr6Sd_l-5m-kAueHiB0jpRwZwe58wwtkpxtMYd_LmGcDRU02dRNEyWt6Y2ti5pSyJ_reIkzIulrqApdnbT11V5jnCKbYNCvhEM1MCpPByat_X379-iThf08CI5GfOPqfBeS3BRoBOdD55AKVv0iLwCMq-2BrzXWSGRH7pUGD9uwXQjiph3xL0DKQwdGa0JImiIOmBNOestqgwTHSSs2oOep-78apyXQBvNi8ZLaFjvjWvcaUEBu0MC6Wbe-d6mB0FAebo2lUWinqYaZs5DAYzV0RP9yitUjnGJ0iI9xhZkT42OCQNUJJhkgWINNQLP2JFP6OpMg3JCVg70jqHT0lvKOnhHf0lPuOnnLf0VPuWx6_dxwUIvwk5WMkT0kLL1mh61l2yZVSzG3pYV_bqo-mj6uMKwKwdnnW8Jh5RTOJzMOA5c-eJDaZQw4mTMPH02PvS_ZAqNVjVTo2WyYLkwH_KU1mmmG5kjRhDqPXLwwVHvVOjCM60-fpXvTDfMGW1PVFVS1r4e4yVDk4ZdNbkUHvqPqQSeian4UD39fNKmachqdJ1NJbyk8rXT9mXTvPk3oE5meulKGgiruPJek-4I9hTT6G8ZLOyRSm2RRVbThERQad5OS28hdt4YW4vG0stgYYzsWsK4_7y6DZMjJSCqri1kyiZR5vD7pwIrNR7QwPHTcLTI5qT7eRlpHrdGiupYlqQDJ7zy_CND8fWWBoLRXxk1RVcXiBQwbTD4Xi7KL-FuO94t9xaqweXzH"; VariantName = "[No Variations]"
Add component (AddParameter): Name = "Package Version"; Value = "03/2015"; VariantName = "[No Variations]"
Add component (AddParameter): Name = "Packing"; Value = "Bulk"; VariantName = "[No Variations]"
Add component (AddParameter): Name = "PartNumber"; Value = "1729128"; VariantName = "[No Variations]"
Add component (AddParameter): Name = "Pitch"; Value = "5.08mm"; VariantName = "[No Variations]"
Add component (AddParameter): Name = "RoHS"; Value = "TRUE"; VariantName = "[No Variations]"
Add component (AddParameter): Name = "Voltage Rating"; Value = "400V"; VariantName = "[No Variations]"
Added Component: Designator=LASER(1x2x2.54 Pin Header TH V)
Add component. Clean all parameters for all variants
Added Component: Designator=LED1(LED Red 3mm TH V)
Add component. Clean all parameters for all variants
Added Component: Designator=MICROUSB(1x5x2.54 Pin Header TH V)
Add component. Clean all parameters for all variants
Added Component: Designator=Q1(ONSC-TO-220-3-221A-09)
Add component. Clean all parameters for all variants
Add component (AddParameter): Name = "ComponentLink1Description"; Value = "Manufacturer URL"; VariantName = "[No Variations]"
Add component (AddParameter): Name = "ComponentLink1URL"; Value = "http://www.onsemi.com/"; VariantName = "[No Variations]"
Add component (AddParameter): Name = "ComponentLink2Description"; Value = "Datasheet"; VariantName = "[No Variations]"
Add component (AddParameter): Name = "ComponentLink2URL"; Value = "http://www.onsemi.com/pub_link/Collateral/TIP31A-D.PDF"; VariantName = "[No Variations]"
Add component (AddParameter): Name = "ComponentLink3Description"; Value = "Package Specification"; VariantName = "[No Variations]"
Add component (AddParameter): Name = "ComponentLink3URL"; Value = "http://www.onsemi.com/pub_link/Collateral/221A-09.PDF"; VariantName = "[No Variations]"
Add component (AddParameter): Name = "DatasheetVersion"; Value = "Rev. 14"; VariantName = "[No Variations]"
Add component (AddParameter): Name = "fT Min (MHz)"; Value = "3"; VariantName = "[No Variations]"
Add component (AddParameter): Name = "IC Continuous (A)"; Value = "3"; VariantName = "[No Variations]"
Add component (AddParameter): Name = "Manufacturer"; Value = "On Semiconductor"; VariantName = "[No Variations]"
Add component (AddParameter): Name = "Mounting Technology"; Value = "Through Hole"; VariantName = "[No Variations]"
Add component (AddParameter): Name = "PackageDescription"; Value = "3-Pin Flange Mount, Vertical Straight Lead, Body 9.97 x 4.445 mm, Pitch 2.54 mm"; VariantName = "[No Variations]"
Add component (AddParameter): Name = "PackageReference"; Value = "TO-220-3-221A-09"; VariantName = "[No Variations]"
Add component (AddParameter): Name = "PackageVersion"; Value = "Rev. AG, 09/2011"; VariantName = "[No Variations]"
Add component (AddParameter): Name = "Packing"; Value = "Tube"; VariantName = "[No Variations]"
Add component (AddParameter): Name = "PartNumber"; Value = "TIP31"; VariantName = "[No Variations]"
Add component (AddParameter): Name = "Polarity"; Value = "NPN"; VariantName = "[No Variations]"
Add component (AddParameter): Name = "RoHS"; Value = "FALSE"; VariantName = "[No Variations]"
Added Component: Designator=R1(R0603-0.45)
Add component. Clean all parameters for all variants
Added Component: Designator=R2(R0603-0.45)
Add component. Clean all parameters for all variants
Added Component: Designator=R3(R0603-0.45)
Add component. Clean all parameters for all variants
Added Component: Designator=TB1(*SHIELD_ARDUINO_NANO)
Add component. Clean all parameters for all variants
Add component (AddParameter): Name = "Availability"; Value = "Unavailable"; VariantName = "[No Variations]"
Add component (AddParameter): Name = "MF"; Value = "Arduino"; VariantName = "[No Variations]"
Add component (AddParameter): Name = "MP"; Value = "ARDUINO NANO"; VariantName = "[No Variations]"
Add component (AddParameter): Name = "Package"; Value = "None"; VariantName = "[No Variations]"
Add component (AddParameter): Name = "Price"; Value = "None"; VariantName = "[No Variations]"
Add component (AddParameter): Name = "SnapEDA_Link"; Value = "https://www.snapeda.com/parts/ARDUINO%20NANO/Arduino/view-part/1128261/?ref=snap"; VariantName = "[No Variations]"
Add component (AddParameter): Name = "Value"; Value = ""; VariantName = "[No Variations]"
Added Component: Designator=TEMP(1x2x2.54 Pin Header TH V)
Add component. Clean all parameters for all variants
Added Component: Designator=VCC_AR(1x2x2.54 Pin Header TH V)
Add component. Clean all parameters for all variants
Added Pin To Net: NetName=GND Pin=CONN1-3
Added Pin To Net: NetName=GND Pin=CONN2-3
Added Pin To Net: NetName=GND Pin=CONN3-3
Added Pin To Net: NetName=GND Pin=CONN4-3
Added Pin To Net: NetName=GND Pin=CONN5-3
Added Pin To Net: NetName=GND Pin=CONN6-3
Added Pin To Net: NetName=GND Pin=J1-2
Added Pin To Net: NetName=GND Pin=LASER-2
Added Pin To Net: NetName=GND Pin=LED1-1
Added Pin To Net: NetName=GND Pin=MICROUSB-1
Added Net: Name=GND
Added Pin To Net: NetName=NetC_VCC_BOR_1 Pin=C_VCC_BOR-1
Added Pin To Net: NetName=NetC_VCC_BOR_1 Pin=C_VCC_USB-1
Added Pin To Net: NetName=NetC_VCC_BOR_1 Pin=CONN1-2
Added Pin To Net: NetName=NetC_VCC_BOR_1 Pin=CONN2-2
Added Pin To Net: NetName=NetC_VCC_BOR_1 Pin=CONN3-2
Added Pin To Net: NetName=NetC_VCC_BOR_1 Pin=CONN4-2
Added Pin To Net: NetName=NetC_VCC_BOR_1 Pin=CONN5-2
Added Pin To Net: NetName=NetC_VCC_BOR_1 Pin=CONN6-2
Added Pin To Net: NetName=NetC_VCC_BOR_1 Pin=VCC_AR-2
Added Net: Name=NetC_VCC_BOR_1
Added Pin To Net: NetName=NetCONN1_1 Pin=CONN1-1
Added Pin To Net: NetName=NetCONN1_1 Pin=TB1-6
Added Net: Name=NetCONN1_1
Added Pin To Net: NetName=NetCONN2_1 Pin=CONN2-1
Added Pin To Net: NetName=NetCONN2_1 Pin=TB1-8
Added Net: Name=NetCONN2_1
Added Pin To Net: NetName=NetCONN3_1 Pin=CONN3-1
Added Pin To Net: NetName=NetCONN3_1 Pin=TB1-9
Added Net: Name=NetCONN3_1
Added Pin To Net: NetName=NetCONN4_1 Pin=CONN4-1
Added Pin To Net: NetName=NetCONN4_1 Pin=TB1-12
Added Net: Name=NetCONN4_1
Added Pin To Net: NetName=NetCONN5_1 Pin=CONN5-1
Added Pin To Net: NetName=NetCONN5_1 Pin=TB1-13
Added Net: Name=NetCONN5_1
Added Pin To Net: NetName=NetCONN6_1 Pin=CONN6-1
Added Pin To Net: NetName=NetCONN6_1 Pin=TB1-14
Added Net: Name=NetCONN6_1
Added Pin To Net: NetName=NetLASER_1 Pin=LASER-1
Added Pin To Net: NetName=NetLASER_1 Pin=Q1-3
Added Net: Name=NetLASER_1
Added Pin To Net: NetName=NetLED1_2 Pin=LED1-2
Added Pin To Net: NetName=NetLED1_2 Pin=R3-2
Added Net: Name=NetLED1_2
Added Pin To Net: NetName=NetQ1_1 Pin=Q1-1
Added Pin To Net: NetName=NetQ1_1 Pin=R1-2
Added Net: Name=NetQ1_1
Added Pin To Net: NetName=NetQ1_2 Pin=Q1-2
Added Pin To Net: NetName=NetQ1_2 Pin=R2-1
Added Net: Name=NetQ1_2
Added Pin To Net: NetName=NetR1_1 Pin=R1-1
Added Pin To Net: NetName=NetR1_1 Pin=TB1-2
Added Net: Name=NetR1_1
Added Pin To Net: NetName=NetR3_1 Pin=R3-1
Added Pin To Net: NetName=NetR3_1 Pin=TB1-27
Added Net: Name=NetR3_1
Added Pin To Net: NetName=NetTB1_30 Pin=TB1-30
Added Pin To Net: NetName=NetTB1_30 Pin=VCC_AR-1
Added Net: Name=NetTB1_30
Added Pin To Net: NetName=VCC Pin=C_VCC_BOR-2
Added Pin To Net: NetName=VCC Pin=C_VCC_USB-2
Added Pin To Net: NetName=VCC Pin=J1-1
Added Pin To Net: NetName=VCC Pin=MICROUSB-5
Added Pin To Net: NetName=VCC Pin=R2-2
Added Net: Name=VCC
