Removed Pin From Net: NetName=GND Pin=?-3.3V_2
Removed Pin From Net: NetName=GND Pin=?-PA_0
Removed Pin From Net: NetName=GND Pin=?-PA_1
Removed Pin From Net: NetName=GND Pin=?-PA_2
Removed Pin From Net: NetName=GND Pin=?-PA_3
Removed Pin From Net: NetName=GND Pin=?-PA_4
Removed Pin From Net: NetName=GND Pin=?-PA_5
Removed Pin From Net: NetName=GND Pin=?-PA_6
Removed Pin From Net: NetName=GND Pin=?-PA_7
Removed Pin From Net: NetName=GND Pin=?-PB_0
Removed Pin From Net: NetName=GND Pin=?-PB_1
Removed Pin From Net: NetName=GND Pin=?-PB_10
Removed Pin From Net: NetName=GND Pin=?-PB_11
Removed Pin From Net: NetName=GND Pin=?-PC_13
Removed Pin From Net: NetName=GND Pin=?-PC_14
Removed Pin From Net: NetName=GND Pin=?-PC_15
Removed Pin From Net: NetName=GND Pin=?-RESET
Removed Pin From Net: NetName=GND Pin=?-VB
Removed Pin From Net: NetName=GND Pin=P?-3
Removed Pin From Net: NetName=GND Pin=P?-4
Removed Pin From Net: NetName=GND Pin=P?-5
Removed Pin From Net: NetName=GND Pin=P?-6
Removed Pin From Net: NetName=GND Pin=P?-7
Removed Pin From Net: NetName=GND Pin=P?-8
Removed Pin From Net: NetName=GND Pin=P?-9
Removed Pin From Net: NetName=GND Pin=P?-10
Removed Pin From Net: NetName=GND Pin=P?-11
Removed Pin From Net: NetName=GND Pin=P?-12
Removed Pin From Net: NetName=GND Pin=P?-13
Removed Pin From Net: NetName=GND Pin=P?-14
Removed Pin From Net: NetName=GND Pin=P?-15
Removed Pin From Net: NetName=GND Pin=P?-16
Removed Pin From Net: NetName=GND Pin=P?-17
Removed Pin From Net: NetName=GND Pin=P?-18
Removed Pin From Net: NetName=GND Pin=P?-19
Removed Pin From Net: NetName=GND Pin=P?-20
Added Pin To Net: NetName=3.3V_2 Pin=?-3.3V_2
Added Pin To Net: NetName=3.3V_2 Pin=P?-3
Added Net: Name=3.3V_2
Added Pin To Net: NetName=PA0 Pin=?-PA_0
Added Pin To Net: NetName=PA0 Pin=P?-16
Added Net: Name=PA0
Added Pin To Net: NetName=PA1 Pin=?-PA_1
Added Pin To Net: NetName=PA1 Pin=P?-15
Added Net: Name=PA1
Added Pin To Net: NetName=PA2 Pin=?-PA_2
Added Pin To Net: NetName=PA2 Pin=P?-14
Added Net: Name=PA2
Added Pin To Net: NetName=PA3 Pin=?-PA_3
Added Pin To Net: NetName=PA3 Pin=P?-13
Added Net: Name=PA3
Added Pin To Net: NetName=PA4 Pin=?-PA_4
Added Pin To Net: NetName=PA4 Pin=P?-12
Added Net: Name=PA4
Added Pin To Net: NetName=PA5 Pin=?-PA_5
Added Pin To Net: NetName=PA5 Pin=P?-11
Added Net: Name=PA5
Added Pin To Net: NetName=PA6 Pin=?-PA_6
Added Pin To Net: NetName=PA6 Pin=P?-10
Added Net: Name=PA6
Added Pin To Net: NetName=PA7 Pin=?-PA_7
Added Pin To Net: NetName=PA7 Pin=P?-9
Added Net: Name=PA7
Added Pin To Net: NetName=PB0 Pin=?-PB_0
Added Pin To Net: NetName=PB0 Pin=P?-8
Added Net: Name=PB0
Added Pin To Net: NetName=PB1 Pin=?-PB_1
Added Pin To Net: NetName=PB1 Pin=P?-7
Added Net: Name=PB1
Added Pin To Net: NetName=PB10 Pin=?-PB_10
Added Pin To Net: NetName=PB10 Pin=P?-6
Added Net: Name=PB10
Added Pin To Net: NetName=PB11 Pin=?-PB_11
Added Pin To Net: NetName=PB11 Pin=P?-5
Added Net: Name=PB11
Added Pin To Net: NetName=PC13 Pin=?-PC_13
Added Pin To Net: NetName=PC13 Pin=P?-19
Added Net: Name=PC13
Added Pin To Net: NetName=PC14 Pin=?-PC_14
Added Pin To Net: NetName=PC14 Pin=P?-18
Added Net: Name=PC14
Added Pin To Net: NetName=PC15 Pin=?-PC_15
Added Pin To Net: NetName=PC15 Pin=P?-17
Added Net: Name=PC15
Added Pin To Net: NetName=RESET Pin=?-RESET
Added Pin To Net: NetName=RESET Pin=P?-4
Added Net: Name=RESET
Added Pin To Net: NetName=VB Pin=?-VB
Added Pin To Net: NetName=VB Pin=P?-20
Added Net: Name=VB
Added Member To Class: ClassName=PrincipalSCH Member=Component P? Header 20H
