Removed Pin From Net: NetName=3.3V_2 Pin=ENC1-1
Removed Pin From Net: NetName=PC15 Pin=ENC1-2
Removed Pin From Net: NetName=PC14 Pin=ENC1-3
Removed Pin From Net: NetName=GND Pin=ENC1-4
Removed Pin From Net: NetName=3.3V_2 Pin=ENC2-1
Removed Pin From Net: NetName=PA4 Pin=ENC2-2
Removed Pin From Net: NetName=PA3 Pin=ENC2-3
Removed Pin From Net: NetName=GND Pin=ENC2-4
Removed Pin From Net: NetName=3.3V_1 Pin=ENC3-1
Removed Pin From Net: NetName=PA10 Pin=ENC3-2
Removed Pin From Net: NetName=PA9 Pin=ENC3-3
Removed Pin From Net: NetName=GND Pin=ENC3-4
Removed Pin From Net: NetName=3.3V_1 Pin=ENC4-1
Removed Pin From Net: NetName=PA8 Pin=ENC4-2
Removed Pin From Net: NetName=PB13 Pin=ENC4-3
Removed Pin From Net: NetName=GND Pin=ENC4-4
Removed Pin From Net: NetName=PA6 Pin=MOT1-1
Removed Pin From Net: NetName=PA5 Pin=MOT1-2
Removed Pin From Net: NetName=PB12 Pin=MOT1-3
Removed Pin From Net: NetName=PA7 Pin=MOT2-1
Removed Pin From Net: NetName=PB15 Pin=MOT2-2
Removed Pin From Net: NetName=PB14 Pin=MOT2-3
Removed Pin From Net: NetName=PB1 Pin=MOT3-1
Removed Pin From Net: NetName=PB4 Pin=MOT3-2
Removed Pin From Net: NetName=PB5 Pin=MOT3-3
Removed Pin From Net: NetName=PB0 Pin=MOT4-1
Removed Pin From Net: NetName=PB3 Pin=MOT4-2
Removed Pin From Net: NetName=PA15 Pin=MOT4-3
Added Component: Designator=ENC?(1x4x2.54 Pin Header TH V)
Add component. Clean all parameters for all variants
Added Component: Designator=ENC?(1x4x2.54 Pin Header TH V)
Add component. Clean all parameters for all variants
Added Component: Designator=ENC?(1x4x2.54 Pin Header TH V)
Add component. Clean all parameters for all variants
Added Component: Designator=ENC?(1x4x2.54 Pin Header TH V)
Add component. Clean all parameters for all variants
Added Component: Designator=I?(1x4x2.54 Pin Header TH V)
Add component. Clean all parameters for all variants
Added Component: Designator=I?(1x4x2.54 Pin Header TH V)
Add component. Clean all parameters for all variants
Added Component: Designator=I?(1x4x2.54 Pin Header TH V)
Add component. Clean all parameters for all variants
Added Component: Designator=I?(1x4x2.54 Pin Header TH V)
Add component. Clean all parameters for all variants
Added Component: Designator=J?(CONN2)
Add component. Clean all parameters for all variants
Added Component: Designator=MOT?(1x3x2.54 Pin Header TH V)
Add component. Clean all parameters for all variants
Added Component: Designator=MOT?(1x3x2.54 Pin Header TH V)
Add component. Clean all parameters for all variants
Added Component: Designator=MOT?(1x3x2.54 Pin Header TH V)
Add component. Clean all parameters for all variants
Added Component: Designator=MOT?(1x3x2.54 Pin Header TH V)
Add component. Clean all parameters for all variants
Added Component: Designator=P?(HDR1X20H)
Add component. Clean all parameters for all variants
Add component (AddParameter): Name = "LatestRevisionDate"; Value = "17-Jul-2002"; VariantName = "[No Variations]"
Add component (AddParameter): Name = "LatestRevisionNote"; Value = "Re-released for DXP Platform."; VariantName = "[No Variations]"
Add component (AddParameter): Name = "Publisher"; Value = "Altium Limited"; VariantName = "[No Variations]"
Added Component: Designator=P?(HDR1X20H)
Add component. Clean all parameters for all variants
Add component (AddParameter): Name = "LatestRevisionDate"; Value = "17-Jul-2002"; VariantName = "[No Variations]"
Add component (AddParameter): Name = "LatestRevisionNote"; Value = "Re-released for DXP Platform."; VariantName = "[No Variations]"
Add component (AddParameter): Name = "Publisher"; Value = "Altium Limited"; VariantName = "[No Variations]"
Added Component: Designator=SERVO?(1x3x2.54 Pin Header TH V)
Add component. Clean all parameters for all variants
Added Component: Designator=SERVO?(1x3x2.54 Pin Header TH V)
Add component. Clean all parameters for all variants
Added Component: Designator=U?(GY-521)
Add component. Clean all parameters for all variants
Add component (AddParameter): Name = "DeviceName"; Value = "MPU6050"; VariantName = "[No Variations]"
Add component (AddParameter): Name = "DeviceSetName"; Value = "GY-521"; VariantName = "[No Variations]"
Add component (AddParameter): Name = "GateName_1"; Value = "G$1"; VariantName = "[No Variations]"
Add component (AddParameter): Name = "LibraryName"; Value = "gy-521"; VariantName = "[No Variations]"
Add component (AddParameter): Name = "Package"; Value = "GY-521"; VariantName = "[No Variations]"
Add component (AddParameter): Name = "SymbolName_1"; Value = "MPU6050"; VariantName = "[No Variations]"
Added Pin To Net: NetName=3.3V_1 Pin=ENC?-1
Added Pin To Net: NetName=3.3V_1 Pin=ENC?-1
Added Pin To Net: NetName=3.3V_2 Pin=ENC?-1
Added Pin To Net: NetName=3.3V_2 Pin=ENC?-1
Added Pin To Net: NetName=PA4 Pin=ENC?-2
Added Pin To Net: NetName=PA8 Pin=ENC?-2
Added Pin To Net: NetName=PA10 Pin=ENC?-2
Added Pin To Net: NetName=PC15 Pin=ENC?-2
Added Pin To Net: NetName=PA3 Pin=ENC?-3
Added Pin To Net: NetName=PA9 Pin=ENC?-3
Added Pin To Net: NetName=PB13 Pin=ENC?-3
Added Pin To Net: NetName=PC14 Pin=ENC?-3
Added Pin To Net: NetName=GND Pin=ENC?-4
Added Pin To Net: NetName=GND Pin=ENC?-4
Added Pin To Net: NetName=GND Pin=ENC?-4
Added Pin To Net: NetName=GND Pin=ENC?-4
Added Pin To Net: NetName=3.3V_1 Pin=I?-1
Added Pin To Net: NetName=3.3V_1 Pin=I?-1
Added Pin To Net: NetName=3.3V_1 Pin=I?-1
Added Pin To Net: NetName=3.3V_1 Pin=I?-1
Added Pin To Net: NetName=GND Pin=I?-2
Added Pin To Net: NetName=GND Pin=I?-2
Added Pin To Net: NetName=GND Pin=I?-2
Added Pin To Net: NetName=GND Pin=I?-2
Added Pin To Net: NetName=PB8 Pin=I?-3
Added Pin To Net: NetName=PB8 Pin=I?-3
Added Pin To Net: NetName=PB8 Pin=I?-3
Added Pin To Net: NetName=PB10 Pin=I?-3
Added Pin To Net: NetName=PB9 Pin=I?-4
Added Pin To Net: NetName=PB9 Pin=I?-4
Added Pin To Net: NetName=PB9 Pin=I?-4
Added Pin To Net: NetName=PB11 Pin=I?-4
Added Pin To Net: NetName=5V_F Pin=J?-1
Added Pin To Net: NetName=GND Pin=J?-2
Added Pin To Net: NetName=PA6 Pin=MOT?-1
Added Pin To Net: NetName=PA7 Pin=MOT?-1
Added Pin To Net: NetName=PB0 Pin=MOT?-1
Added Pin To Net: NetName=PB1 Pin=MOT?-1
Added Pin To Net: NetName=PA5 Pin=MOT?-2
Added Pin To Net: NetName=PB3 Pin=MOT?-2
Added Pin To Net: NetName=PB4 Pin=MOT?-2
Added Pin To Net: NetName=PB15 Pin=MOT?-2
Added Pin To Net: NetName=PA15 Pin=MOT?-3
Added Pin To Net: NetName=PB5 Pin=MOT?-3
Added Pin To Net: NetName=PB12 Pin=MOT?-3
Added Pin To Net: NetName=PB14 Pin=MOT?-3
Added Pin To Net: NetName=3.3V_1 Pin=P?-1
Added Pin To Net: NetName=GND Pin=P?-1
Added Pin To Net: NetName=GND Pin=P?-2
Added Pin To Net: NetName=3.3V_2 Pin=P?-3
Added Pin To Net: NetName=5V Pin=P?-3
Added Pin To Net: NetName=PB9 Pin=P?-4
Added Pin To Net: NetName=RESET Pin=P?-4
Added Pin To Net: NetName=PB8 Pin=P?-5
Added Pin To Net: NetName=PB11 Pin=P?-5
Added Pin To Net: NetName=PB7 Pin=P?-6
Added Pin To Net: NetName=PB10 Pin=P?-6
Added Pin To Net: NetName=PB1 Pin=P?-7
Added Pin To Net: NetName=PB6 Pin=P?-7
Added Pin To Net: NetName=PB0 Pin=P?-8
Added Pin To Net: NetName=PB5 Pin=P?-8
Added Pin To Net: NetName=PA7 Pin=P?-9
Added Pin To Net: NetName=PB4 Pin=P?-9
Added Pin To Net: NetName=PA6 Pin=P?-10
Added Pin To Net: NetName=PB3 Pin=P?-10
Added Pin To Net: NetName=PA5 Pin=P?-11
Added Pin To Net: NetName=PA15 Pin=P?-11
Added Pin To Net: NetName=PA4 Pin=P?-12
Added Pin To Net: NetName=PA12 Pin=P?-12
Added Pin To Net: NetName=PA3 Pin=P?-13
Added Pin To Net: NetName=PA11 Pin=P?-13
Added Pin To Net: NetName=PA2 Pin=P?-14
Added Pin To Net: NetName=PA10 Pin=P?-14
Added Pin To Net: NetName=PA1 Pin=P?-15
Added Pin To Net: NetName=PA9 Pin=P?-15
Added Pin To Net: NetName=PA0 Pin=P?-16
Added Pin To Net: NetName=PA8 Pin=P?-16
Added Pin To Net: NetName=PB15 Pin=P?-17
Added Pin To Net: NetName=PC15 Pin=P?-17
Added Pin To Net: NetName=PB14 Pin=P?-18
Added Pin To Net: NetName=PC14 Pin=P?-18
Added Pin To Net: NetName=PB13 Pin=P?-19
Added Pin To Net: NetName=PC13 Pin=P?-19
Added Pin To Net: NetName=PB12 Pin=P?-20
Added Pin To Net: NetName=VB Pin=P?-20
Added Pin To Net: NetName=PA1 Pin=SERVO?-1
Added Pin To Net: NetName=PA2 Pin=SERVO?-1
Added Pin To Net: NetName=5V_F Pin=SERVO?-2
Added Pin To Net: NetName=5V_F Pin=SERVO?-2
Added Pin To Net: NetName=GND Pin=SERVO?-3
Added Pin To Net: NetName=GND Pin=SERVO?-3
Added Pin To Net: NetName=GND Pin=U?-ADO
Added Pin To Net: NetName=GND Pin=U?-GND
Added Pin To Net: NetName=PA0 Pin=U?-INT
Added Pin To Net: NetName=PB8 Pin=U?-SCL
Added Pin To Net: NetName=PB9 Pin=U?-SDA
Added Pin To Net: NetName=3.3V_1 Pin=U?-VCC
Added Class: Name=Sheet1
Added Member To Class: ClassName=PrincipalSCH Member=Component ? STM32F103C8T6 module with ARM Cortex-3, 20kB SRAM, 64kB Flash, 72MHz
Added Member To Class: ClassName=PrincipalSCH Member=Component I2C0 Connector
Added Member To Class: ClassName=PrincipalSCH Member=Component I2C1 Connector
Added Member To Class: ClassName=PrincipalSCH Member=Component I2C2 Connector
Added Member To Class: ClassName=PrincipalSCH Member=Component I2C3 Connector
Added Member To Class: ClassName=PrincipalSCH Member=Component J1 CONN2
Added Member To Class: ClassName=PrincipalSCH Member=Component P? Header 20H
Added Member To Class: ClassName=PrincipalSCH Member=Component P? Header 20H
Added Member To Class: ClassName=PrincipalSCH Member=Component SERVO1 Connector
Added Member To Class: ClassName=PrincipalSCH Member=Component SERVO2 Connector
Added Member To Class: ClassName=PrincipalSCH Member=Component U? GY-521MPU6050
Added Room: Name=PrincipalSCH
Added Room: Name=Sheet1
