Removed Pin From Net: NetName=3.3V_1 Pin=?-3.3V_1
Removed Pin From Net: NetName=3.3V_2 Pin=?-3.3V_2
Removed Pin From Net: NetName=5V Pin=?-5V
Removed Pin From Net: NetName=GND_1 Pin=?-GND_1
Removed Pin From Net: NetName=GND Pin=?-GND_2
Removed Pin From Net: NetName=GND Pin=?-GND_3
Removed Pin From Net: NetName=PA0 Pin=?-PA_0
Removed Pin From Net: NetName=PA1 Pin=?-PA_1
Removed Pin From Net: NetName=PA2 Pin=?-PA_2
Removed Pin From Net: NetName=PA3 Pin=?-PA_3
Removed Pin From Net: NetName=PA4 Pin=?-PA_4
Removed Pin From Net: NetName=PA5 Pin=?-PA_5
Removed Pin From Net: NetName=PA6 Pin=?-PA_6
Removed Pin From Net: NetName=PA7 Pin=?-PA_7
Removed Pin From Net: NetName=PA8 Pin=?-PA_8
Removed Pin From Net: NetName=PA9 Pin=?-PA_9
Removed Pin From Net: NetName=PA10 Pin=?-PA_10
Removed Pin From Net: NetName=PA11 Pin=?-PA_11
Removed Pin From Net: NetName=PA12 Pin=?-PA_12
Removed Pin From Net: NetName=PA15 Pin=?-PA_15
Removed Pin From Net: NetName=PB0 Pin=?-PB_0
Removed Pin From Net: NetName=PB1 Pin=?-PB_1
Removed Pin From Net: NetName=PB3 Pin=?-PB_3
Removed Pin From Net: NetName=PB4 Pin=?-PB_4
Removed Pin From Net: NetName=PB5 Pin=?-PB_5
Removed Pin From Net: NetName=PB6 Pin=?-PB_6
Removed Pin From Net: NetName=PB7 Pin=?-PB_7
Removed Pin From Net: NetName=PB8 Pin=?-PB_8
Removed Pin From Net: NetName=PB9 Pin=?-PB_9
Removed Pin From Net: NetName=PB10 Pin=?-PB_10
Removed Pin From Net: NetName=PB11 Pin=?-PB_11
Removed Pin From Net: NetName=PB12 Pin=?-PB_12
Removed Pin From Net: NetName=PB13 Pin=?-PB_13
Removed Pin From Net: NetName=PB14 Pin=?-PB_14
Removed Pin From Net: NetName=PB15 Pin=?-PB_15
Removed Pin From Net: NetName=PC13 Pin=?-PC_13
Removed Pin From Net: NetName=PC14 Pin=?-PC_14
Removed Pin From Net: NetName=PC15 Pin=?-PC_15
Removed Pin From Net: NetName=RESET Pin=?-RESET
Removed Pin From Net: NetName=VB Pin=?-VB
Added Member To Class: ClassName=PrincipalSCH Member=Component P? Header 20H
