Change Component Designator: OldDesignator=CONN? NewDesignator=ENC2
Change Component Designator: OldDesignator=CONN? NewDesignator=MOT1
Change Component Designator: OldDesignator=J? NewDesignator=J1
Added Component: Designator=ENC1(1x4x2.54 Pin Header TH V)
Add component. Clean all parameters for all variants
Added Component: Designator=ENC3(1x4x2.54 Pin Header TH V)
Add component. Clean all parameters for all variants
Added Component: Designator=ENC4(1x4x2.54 Pin Header TH V)
Add component. Clean all parameters for all variants
Added Component: Designator=I2C1(1x4x2.54 Pin Header TH V)
Add component. Clean all parameters for all variants
Added Component: Designator=I2C2(1x4x2.54 Pin Header TH V)
Add component. Clean all parameters for all variants
Added Component: Designator=I2C3(1x4x2.54 Pin Header TH V)
Add component. Clean all parameters for all variants
Added Component: Designator=LUZ(1x3x2.54 Pin Header TH V)
Add component. Clean all parameters for all variants
Added Component: Designator=MOT2(1x3x2.54 Pin Header TH V)
Add component. Clean all parameters for all variants
Added Component: Designator=MOT3(1x3x2.54 Pin Header TH V)
Add component. Clean all parameters for all variants
Added Component: Designator=MOT4(1x3x2.54 Pin Header TH V)
Add component. Clean all parameters for all variants
Added Member To Class: ClassName=PrincipalSCH Member=Component ENC1 Connector
Added Member To Class: ClassName=PrincipalSCH Member=Component ENC2 Connector
Added Member To Class: ClassName=PrincipalSCH Member=Component ENC3 Connector
Added Member To Class: ClassName=PrincipalSCH Member=Component ENC4 Connector
Added Member To Class: ClassName=PrincipalSCH Member=Component I2C1 Connector
Added Member To Class: ClassName=PrincipalSCH Member=Component I2C2 Connector
Added Member To Class: ClassName=PrincipalSCH Member=Component I2C3 Connector
Added Member To Class: ClassName=PrincipalSCH Member=Component LUZ Connector
Added Member To Class: ClassName=PrincipalSCH Member=Component MOT2 Connector
Added Member To Class: ClassName=PrincipalSCH Member=Component MOT3 Connector
Added Member To Class: ClassName=PrincipalSCH Member=Component MOT4 Connector
Added Member To Class: ClassName=PrincipalSCH Member=Component P? Header 20H
Added Room: Name=PrincipalSCH
