Added Component: Designator=?(STM32F103C8T6-MODULE)
Add component. Clean all parameters for all variants
Add component (AddParameter): Name = "DeviceName"; Value = ""; VariantName = "[No Variations]"
Add component (AddParameter): Name = "DeviceSetName"; Value = "STM32F103C8T6-MODULE"; VariantName = "[No Variations]"
Add component (AddParameter): Name = "GateName_1"; Value = "G$1"; VariantName = "[No Variations]"
Add component (AddParameter): Name = "LibraryName"; Value = "stm32f103c8t6_module"; VariantName = "[No Variations]"
Add component (AddParameter): Name = "Package"; Value = "STM32F103C8T6-MODULE"; VariantName = "[No Variations]"
Add component (AddParameter): Name = "SymbolName_1"; Value = "STM32F103C8T6-MODULE"; VariantName = "[No Variations]"
Added Component: Designator=P?(HDR1X20H)
Add component. Clean all parameters for all variants
Add component (AddParameter): Name = "LatestRevisionDate"; Value = "17-Jul-2002"; VariantName = "[No Variations]"
Add component (AddParameter): Name = "LatestRevisionNote"; Value = "Re-released for DXP Platform."; VariantName = "[No Variations]"
Add component (AddParameter): Name = "Publisher"; Value = "Altium Limited"; VariantName = "[No Variations]"
Added Component: Designator=P?(HDR1X20H)
Add component. Clean all parameters for all variants
Add component (AddParameter): Name = "LatestRevisionDate"; Value = "17-Jul-2002"; VariantName = "[No Variations]"
Add component (AddParameter): Name = "LatestRevisionNote"; Value = "Re-released for DXP Platform."; VariantName = "[No Variations]"
Add component (AddParameter): Name = "Publisher"; Value = "Altium Limited"; VariantName = "[No Variations]"
Added Pin To Net: NetName=GND Pin=?-3.3V_2
Added Pin To Net: NetName=GND Pin=?-GND_1
Added Pin To Net: NetName=GND Pin=?-GND_2
Added Pin To Net: NetName=GND Pin=?-GND_3
Added Pin To Net: NetName=GND Pin=?-PA_0
Added Pin To Net: NetName=GND Pin=?-PA_1
Added Pin To Net: NetName=GND Pin=?-PA_2
Added Pin To Net: NetName=GND Pin=?-PA_3
Added Pin To Net: NetName=GND Pin=?-PA_4
Added Pin To Net: NetName=GND Pin=?-PA_5
Added Pin To Net: NetName=GND Pin=?-PA_6
Added Pin To Net: NetName=GND Pin=?-PA_7
Added Pin To Net: NetName=GND Pin=?-PB_0
Added Pin To Net: NetName=GND Pin=?-PB_1
Added Pin To Net: NetName=GND Pin=?-PB_10
Added Pin To Net: NetName=GND Pin=?-PB_11
Added Pin To Net: NetName=GND Pin=?-PC_13
Added Pin To Net: NetName=GND Pin=?-PC_14
Added Pin To Net: NetName=GND Pin=?-PC_15
Added Pin To Net: NetName=GND Pin=?-RESET
Added Pin To Net: NetName=GND Pin=?-VB
Added Pin To Net: NetName=GND Pin=P?-1
Added Pin To Net: NetName=GND Pin=P?-2
Added Pin To Net: NetName=GND Pin=P?-3
Added Pin To Net: NetName=GND Pin=P?-4
Added Pin To Net: NetName=GND Pin=P?-5
Added Pin To Net: NetName=GND Pin=P?-6
Added Pin To Net: NetName=GND Pin=P?-7
Added Pin To Net: NetName=GND Pin=P?-8
Added Pin To Net: NetName=GND Pin=P?-9
Added Pin To Net: NetName=GND Pin=P?-10
Added Pin To Net: NetName=GND Pin=P?-11
Added Pin To Net: NetName=GND Pin=P?-12
Added Pin To Net: NetName=GND Pin=P?-13
Added Pin To Net: NetName=GND Pin=P?-14
Added Pin To Net: NetName=GND Pin=P?-15
Added Pin To Net: NetName=GND Pin=P?-16
Added Pin To Net: NetName=GND Pin=P?-17
Added Pin To Net: NetName=GND Pin=P?-18
Added Pin To Net: NetName=GND Pin=P?-19
Added Pin To Net: NetName=GND Pin=P?-20
Added Net: Name=GND
Added Pin To Net: NetName=VCC Pin=?-3.3V_1
Added Pin To Net: NetName=VCC Pin=?-5V
Added Pin To Net: NetName=VCC Pin=?-PA_8
Added Pin To Net: NetName=VCC Pin=?-PA_9
Added Pin To Net: NetName=VCC Pin=?-PA_10
Added Pin To Net: NetName=VCC Pin=?-PA_11
Added Pin To Net: NetName=VCC Pin=?-PA_12
Added Pin To Net: NetName=VCC Pin=?-PA_15
Added Pin To Net: NetName=VCC Pin=?-PB_3
Added Pin To Net: NetName=VCC Pin=?-PB_4
Added Pin To Net: NetName=VCC Pin=?-PB_5
Added Pin To Net: NetName=VCC Pin=?-PB_6
Added Pin To Net: NetName=VCC Pin=?-PB_7
Added Pin To Net: NetName=VCC Pin=?-PB_8
Added Pin To Net: NetName=VCC Pin=?-PB_9
Added Pin To Net: NetName=VCC Pin=?-PB_12
Added Pin To Net: NetName=VCC Pin=?-PB_13
Added Pin To Net: NetName=VCC Pin=?-PB_14
Added Pin To Net: NetName=VCC Pin=?-PB_15
Added Net: Name=VCC
Added Class: Name=PrincipalSCH
Added Room: Name=PrincipalSCH
