Removed Pin From Net: NetName=GND Pin=?-GND_1
Removed Pin From Net: NetName=GND Pin=P?-1
Removed Pin From Net: NetName=GND Pin=P?-2
Removed Pin From Net: NetName=GND Pin=P?-3
Removed Pin From Net: NetName=GND Pin=P?-4
Removed Pin From Net: NetName=GND Pin=P?-5
Removed Pin From Net: NetName=GND Pin=P?-6
Removed Pin From Net: NetName=GND Pin=P?-7
Removed Pin From Net: NetName=GND Pin=P?-8
Removed Pin From Net: NetName=GND Pin=P?-9
Removed Pin From Net: NetName=GND Pin=P?-10
Removed Pin From Net: NetName=GND Pin=P?-11
Removed Pin From Net: NetName=GND Pin=P?-12
Removed Pin From Net: NetName=GND Pin=P?-13
Removed Pin From Net: NetName=GND Pin=P?-14
Removed Pin From Net: NetName=GND Pin=P?-15
Removed Pin From Net: NetName=GND Pin=P?-16
Removed Pin From Net: NetName=GND Pin=P?-17
Removed Pin From Net: NetName=GND Pin=P?-18
Removed Pin From Net: NetName=GND Pin=P?-19
Removed Pin From Net: NetName=GND Pin=P?-20
Added Pin To Net: NetName=GND Pin=P?-1
Added Pin To Net: NetName=GND Pin=P?-2
Added Pin To Net: NetName=GND Pin=P?-3
Added Pin To Net: NetName=GND Pin=P?-4
Added Pin To Net: NetName=GND Pin=P?-5
Added Pin To Net: NetName=GND Pin=P?-6
Added Pin To Net: NetName=GND Pin=P?-7
Added Pin To Net: NetName=GND Pin=P?-8
Added Pin To Net: NetName=GND Pin=P?-9
Added Pin To Net: NetName=GND Pin=P?-10
Added Pin To Net: NetName=GND Pin=P?-11
Added Pin To Net: NetName=GND Pin=P?-12
Added Pin To Net: NetName=GND Pin=P?-13
Added Pin To Net: NetName=GND Pin=P?-14
Added Pin To Net: NetName=GND Pin=P?-15
Added Pin To Net: NetName=GND Pin=P?-16
Added Pin To Net: NetName=GND Pin=P?-17
Added Pin To Net: NetName=GND Pin=P?-18
Added Pin To Net: NetName=GND Pin=P?-19
Added Pin To Net: NetName=GND Pin=P?-20
Added Pin To Net: NetName=3.3V_1 Pin=?-3.3V_1
Added Pin To Net: NetName=3.3V_1 Pin=P?-1
Added Net: Name=3.3V_1
Added Pin To Net: NetName=5V Pin=?-5V
Added Pin To Net: NetName=5V Pin=P?-3
Added Net: Name=5V
Added Pin To Net: NetName=GND_1 Pin=?-GND_1
Added Pin To Net: NetName=GND_1 Pin=P?-2
Added Net: Name=GND_1
Added Pin To Net: NetName=PA8 Pin=?-PA_8
Added Pin To Net: NetName=PA8 Pin=P?-16
Added Net: Name=PA8
Added Pin To Net: NetName=PA9 Pin=?-PA_9
Added Pin To Net: NetName=PA9 Pin=P?-15
Added Net: Name=PA9
Added Pin To Net: NetName=PA10 Pin=?-PA_10
Added Pin To Net: NetName=PA10 Pin=P?-14
Added Net: Name=PA10
Added Pin To Net: NetName=PA11 Pin=?-PA_11
Added Pin To Net: NetName=PA11 Pin=P?-13
Added Net: Name=PA11
Added Pin To Net: NetName=PA12 Pin=?-PA_12
Added Pin To Net: NetName=PA12 Pin=P?-12
Added Net: Name=PA12
Added Pin To Net: NetName=PA15 Pin=?-PA_15
Added Pin To Net: NetName=PA15 Pin=P?-11
Added Net: Name=PA15
Added Pin To Net: NetName=PB3 Pin=?-PB_3
Added Pin To Net: NetName=PB3 Pin=P?-10
Added Net: Name=PB3
Added Pin To Net: NetName=PB4 Pin=?-PB_4
Added Pin To Net: NetName=PB4 Pin=P?-9
Added Net: Name=PB4
Added Pin To Net: NetName=PB5 Pin=?-PB_5
Added Pin To Net: NetName=PB5 Pin=P?-8
Added Net: Name=PB5
Added Pin To Net: NetName=PB6 Pin=?-PB_6
Added Pin To Net: NetName=PB6 Pin=P?-7
Added Net: Name=PB6
Added Pin To Net: NetName=PB7 Pin=?-PB_7
Added Pin To Net: NetName=PB7 Pin=P?-6
Added Net: Name=PB7
Added Pin To Net: NetName=PB8 Pin=?-PB_8
Added Pin To Net: NetName=PB8 Pin=P?-5
Added Net: Name=PB8
Added Pin To Net: NetName=PB9 Pin=?-PB_9
Added Pin To Net: NetName=PB9 Pin=P?-4
Added Net: Name=PB9
Added Pin To Net: NetName=PB12 Pin=?-PB_12
Added Pin To Net: NetName=PB12 Pin=P?-20
Added Net: Name=PB12
Added Pin To Net: NetName=PB13 Pin=?-PB_13
Added Pin To Net: NetName=PB13 Pin=P?-19
Added Net: Name=PB13
Added Pin To Net: NetName=PB14 Pin=?-PB_14
Added Pin To Net: NetName=PB14 Pin=P?-18
Added Net: Name=PB14
Added Pin To Net: NetName=PB15 Pin=?-PB_15
Added Pin To Net: NetName=PB15 Pin=P?-17
Added Net: Name=PB15
Added Member To Class: ClassName=PrincipalSCH Member=Component P? Header 20H
Added Room: Name=PrincipalSCH
